2022-06-22 16:00:16,031 [Worker-3: Loading available Gradle versions] INFO  o.e.b.c.i.u.g.PublishedGradleVersions - Gradle version information cache is up-to-date. Trying to read.
2022-06-22 16:02:38,116 [Worker-4: Update Maven projects configuration] INFO  o.e.m.c.i.p.ProjectConfigurationManager - Update started
2022-06-22 16:02:40,006 [Worker-4: Update Maven projects configuration] INFO  o.e.m.c.i.l.LifecycleMappingFactory - Using org.eclipse.m2e.jdt.JarLifecycleMapping lifecycle mapping for MavenProject: org.shahwashere:objectrekognizer:1.0-SNAPSHOT @ D:\NJIT\Subjects\Semthree\CloudComputing\Assignments\ProgrammingAssignment\PA-1\Clone\CS643-AWS-ProgAssgn-1\CarRecognize\pom.xml.
2022-06-22 16:02:40,322 [Worker-4: Update Maven projects configuration] INFO  o.e.m.j.i.AbstractJavaProjectConfigurator - Adding source folder /CarRecognize/src/main/java
2022-06-22 16:02:40,324 [Worker-4: Update Maven projects configuration] INFO  o.e.m.j.i.AbstractJavaProjectConfigurator - Adding source folder /CarRecognize/src/test/java
2022-06-22 16:02:40,870 [Worker-4: Update Maven projects configuration] INFO  o.e.m.c.i.p.ProjectConfigurationManager - Update completed: 2 sec
2022-06-22 16:02:40,872 [Worker-4: Update Maven projects configuration] INFO  o.e.m.c.i.p.ProjectConfigurationManager - Update started
2022-06-22 16:02:41,037 [Worker-4: Update Maven projects configuration] INFO  o.e.m.c.i.l.LifecycleMappingFactory - Using org.eclipse.m2e.jdt.JarLifecycleMapping lifecycle mapping for MavenProject: org.shahwashere:objectrekognizer:1.0-SNAPSHOT @ D:\NJIT\Subjects\Semthree\CloudComputing\Assignments\ProgrammingAssignment\PA-1\Clone\CS643-AWS-ProgAssgn-1\CarRecognize\pom.xml.
2022-06-22 16:02:41,141 [Worker-4: Update Maven projects configuration] INFO  o.e.m.c.i.l.LifecycleMappingFactory - Using org.eclipse.m2e.jdt.JarLifecycleMapping lifecycle mapping for MavenProject: org.shahwashere:objectrekognizer:1.0-SNAPSHOT @ D:\NJIT\Subjects\Semthree\CloudComputing\Assignments\ProgrammingAssignment\PA-1\Clone\CS643-AWS-ProgAssgn-1\CarText\pom.xml.
2022-06-22 16:02:41,335 [Worker-4: Update Maven projects configuration] INFO  o.e.m.j.i.AbstractJavaProjectConfigurator - Adding source folder /CarRecognize/src/main/java
2022-06-22 16:02:41,336 [Worker-4: Update Maven projects configuration] INFO  o.e.m.j.i.AbstractJavaProjectConfigurator - Adding source folder /CarRecognize/src/test/java
2022-06-22 16:02:41,440 [Worker-4: Update Maven projects configuration] INFO  o.e.m.j.i.AbstractJavaProjectConfigurator - Adding source folder /CarText/src/main/java
2022-06-22 16:02:41,441 [Worker-4: Update Maven projects configuration] INFO  o.e.m.j.i.AbstractJavaProjectConfigurator - Adding source folder /CarText/src/test/java
2022-06-22 16:02:41,531 [Worker-4: Update Maven projects configuration] INFO  o.e.m.c.i.p.ProjectConfigurationManager - Update completed: 0 sec
2022-06-22 16:02:41,687 [Worker-32: Download sources and javadoc] INFO  o.e.m.c.i.e.AbstractTransferListenerAdapter - Downloading https://repo.maven.apache.org/maven2/software/amazon/awssdk/s3/2.16.1/s3-2.16.1-sources.jar
2022-06-22 16:02:41,917 [Worker-35: Building] INFO  o.e.m.c.i.embedder.EclipseLogger - Using 'UTF-8' encoding to copy filtered resources.
2022-06-22 16:02:41,917 [Worker-35: Building] INFO  o.e.m.c.i.embedder.EclipseLogger - skip non existing resourceDirectory D:\NJIT\Subjects\Semthree\CloudComputing\Assignments\ProgrammingAssignment\PA-1\Clone\CS643-AWS-ProgAssgn-1\CarRecognize\src\main\resources
2022-06-22 16:02:41,920 [Worker-35: Building] INFO  o.e.m.c.i.embedder.EclipseLogger - Using 'UTF-8' encoding to copy filtered resources.
2022-06-22 16:02:41,920 [Worker-35: Building] INFO  o.e.m.c.i.embedder.EclipseLogger - skip non existing resourceDirectory D:\NJIT\Subjects\Semthree\CloudComputing\Assignments\ProgrammingAssignment\PA-1\Clone\CS643-AWS-ProgAssgn-1\CarRecognize\src\test\resources
2022-06-22 16:02:41,941 [Worker-32: Download sources and javadoc] INFO  o.e.m.c.i.e.AbstractTransferListenerAdapter - Downloaded https://repo.maven.apache.org/maven2/software/amazon/awssdk/s3/2.16.1/s3-2.16.1-sources.jar
2022-06-22 16:02:41,947 [Worker-32: Download sources and javadoc] INFO  o.e.m.j.internal.DownloadSourcesJob - Downloaded sources for software.amazon.awssdk:s3:2.16.1
2022-06-22 16:02:42,082 [Worker-35: Building] INFO  o.e.m.c.i.embedder.EclipseLogger - Using 'UTF-8' encoding to copy filtered resources.
2022-06-22 16:02:42,082 [Worker-35: Building] INFO  o.e.m.c.i.embedder.EclipseLogger - skip non existing resourceDirectory D:\NJIT\Subjects\Semthree\CloudComputing\Assignments\ProgrammingAssignment\PA-1\Clone\CS643-AWS-ProgAssgn-1\CarText\src\main\resources
2022-06-22 16:02:42,084 [Worker-35: Building] INFO  o.e.m.c.i.embedder.EclipseLogger - Using 'UTF-8' encoding to copy filtered resources.
2022-06-22 16:02:42,084 [Worker-35: Building] INFO  o.e.m.c.i.embedder.EclipseLogger - skip non existing resourceDirectory D:\NJIT\Subjects\Semthree\CloudComputing\Assignments\ProgrammingAssignment\PA-1\Clone\CS643-AWS-ProgAssgn-1\CarText\src\test\resources
2022-06-22 16:02:42,086 [Worker-32: Download sources and javadoc] INFO  o.e.m.c.i.e.AbstractTransferListenerAdapter - Downloading https://repo.maven.apache.org/maven2/software/amazon/awssdk/aws-xml-protocol/2.16.1/aws-xml-protocol-2.16.1-sources.jar
2022-06-22 16:02:42,197 [Worker-32: Download sources and javadoc] INFO  o.e.m.c.i.e.AbstractTransferListenerAdapter - Downloaded https://repo.maven.apache.org/maven2/software/amazon/awssdk/aws-xml-protocol/2.16.1/aws-xml-protocol-2.16.1-sources.jar
2022-06-22 16:02:42,200 [Worker-32: Download sources and javadoc] INFO  o.e.m.j.internal.DownloadSourcesJob - Downloaded sources for software.amazon.awssdk:aws-xml-protocol:2.16.1
2022-06-22 16:02:42,368 [Worker-32: Download sources and javadoc] INFO  o.e.m.c.i.e.AbstractTransferListenerAdapter - Downloading https://repo.maven.apache.org/maven2/software/amazon/awssdk/protocol-core/2.16.1/protocol-core-2.16.1-sources.jar
2022-06-22 16:02:42,656 [Worker-32: Download sources and javadoc] INFO  o.e.m.c.i.e.AbstractTransferListenerAdapter - Downloaded https://repo.maven.apache.org/maven2/software/amazon/awssdk/protocol-core/2.16.1/protocol-core-2.16.1-sources.jar
2022-06-22 16:02:42,657 [Worker-32: Download sources and javadoc] INFO  o.e.m.j.internal.DownloadSourcesJob - Downloaded sources for software.amazon.awssdk:protocol-core:2.16.1
2022-06-22 16:02:42,824 [Worker-32: Download sources and javadoc] INFO  o.e.m.c.i.e.AbstractTransferListenerAdapter - Downloading https://repo.maven.apache.org/maven2/software/amazon/awssdk/arns/2.16.1/arns-2.16.1-sources.jar
2022-06-22 16:02:42,936 [Worker-32: Download sources and javadoc] INFO  o.e.m.c.i.e.AbstractTransferListenerAdapter - Downloaded https://repo.maven.apache.org/maven2/software/amazon/awssdk/arns/2.16.1/arns-2.16.1-sources.jar
2022-06-22 16:02:42,937 [Worker-32: Download sources and javadoc] INFO  o.e.m.j.internal.DownloadSourcesJob - Downloaded sources for software.amazon.awssdk:arns:2.16.1
2022-06-22 16:02:43,055 [Worker-32: Download sources and javadoc] INFO  o.e.m.c.i.e.AbstractTransferListenerAdapter - Downloading https://repo.maven.apache.org/maven2/software/amazon/awssdk/profiles/2.16.1/profiles-2.16.1-sources.jar
2022-06-22 16:02:43,171 [Worker-32: Download sources and javadoc] INFO  o.e.m.c.i.e.AbstractTransferListenerAdapter - Downloaded https://repo.maven.apache.org/maven2/software/amazon/awssdk/profiles/2.16.1/profiles-2.16.1-sources.jar
2022-06-22 16:02:43,172 [Worker-32: Download sources and javadoc] INFO  o.e.m.j.internal.DownloadSourcesJob - Downloaded sources for software.amazon.awssdk:profiles:2.16.1
2022-06-22 16:02:43,310 [Worker-32: Download sources and javadoc] INFO  o.e.m.c.i.e.AbstractTransferListenerAdapter - Downloading https://repo.maven.apache.org/maven2/software/amazon/awssdk/sdk-core/2.16.1/sdk-core-2.16.1-sources.jar
2022-06-22 16:02:43,447 [Worker-32: Download sources and javadoc] INFO  o.e.m.c.i.e.AbstractTransferListenerAdapter - Downloaded https://repo.maven.apache.org/maven2/software/amazon/awssdk/sdk-core/2.16.1/sdk-core-2.16.1-sources.jar
2022-06-22 16:02:43,449 [Worker-32: Download sources and javadoc] INFO  o.e.m.j.internal.DownloadSourcesJob - Downloaded sources for software.amazon.awssdk:sdk-core:2.16.1
2022-06-22 16:02:43,545 [Worker-32: Download sources and javadoc] INFO  o.e.m.c.i.e.AbstractTransferListenerAdapter - Downloading https://repo.maven.apache.org/maven2/org/slf4j/slf4j-api/1.7.28/slf4j-api-1.7.28-sources.jar
2022-06-22 16:02:43,593 [Worker-32: Download sources and javadoc] INFO  o.e.m.c.i.e.AbstractTransferListenerAdapter - Downloaded https://repo.maven.apache.org/maven2/org/slf4j/slf4j-api/1.7.28/slf4j-api-1.7.28-sources.jar
2022-06-22 16:02:43,595 [Worker-32: Download sources and javadoc] INFO  o.e.m.j.internal.DownloadSourcesJob - Downloaded sources for org.slf4j:slf4j-api:1.7.28
2022-06-22 16:02:43,670 [Worker-32: Download sources and javadoc] INFO  o.e.m.c.i.e.AbstractTransferListenerAdapter - Downloading https://repo.maven.apache.org/maven2/com/fasterxml/jackson/core/jackson-core/2.12.1/jackson-core-2.12.1-sources.jar
2022-06-22 16:02:43,738 [Worker-32: Download sources and javadoc] INFO  o.e.m.c.i.e.AbstractTransferListenerAdapter - Downloaded https://repo.maven.apache.org/maven2/com/fasterxml/jackson/core/jackson-core/2.12.1/jackson-core-2.12.1-sources.jar
2022-06-22 16:02:43,739 [Worker-32: Download sources and javadoc] INFO  o.e.m.j.internal.DownloadSourcesJob - Downloaded sources for com.fasterxml.jackson.core:jackson-core:2.12.1
2022-06-22 16:02:43,838 [Worker-32: Download sources and javadoc] INFO  o.e.m.c.i.e.AbstractTransferListenerAdapter - Downloading https://repo.maven.apache.org/maven2/com/fasterxml/jackson/core/jackson-databind/2.12.1/jackson-databind-2.12.1-sources.jar
2022-06-22 16:02:43,960 [Worker-32: Download sources and javadoc] INFO  o.e.m.c.i.e.AbstractTransferListenerAdapter - Downloaded https://repo.maven.apache.org/maven2/com/fasterxml/jackson/core/jackson-databind/2.12.1/jackson-databind-2.12.1-sources.jar
2022-06-22 16:02:43,962 [Worker-32: Download sources and javadoc] INFO  o.e.m.j.internal.DownloadSourcesJob - Downloaded sources for com.fasterxml.jackson.core:jackson-databind:2.12.1
2022-06-22 16:02:44,054 [Worker-32: Download sources and javadoc] INFO  o.e.m.c.i.e.AbstractTransferListenerAdapter - Downloading https://repo.maven.apache.org/maven2/org/reactivestreams/reactive-streams/1.0.2/reactive-streams-1.0.2-sources.jar
2022-06-22 16:02:44,198 [Worker-32: Download sources and javadoc] INFO  o.e.m.c.i.e.AbstractTransferListenerAdapter - Downloaded https://repo.maven.apache.org/maven2/org/reactivestreams/reactive-streams/1.0.2/reactive-streams-1.0.2-sources.jar
2022-06-22 16:02:44,200 [Worker-32: Download sources and javadoc] INFO  o.e.m.j.internal.DownloadSourcesJob - Downloaded sources for org.reactivestreams:reactive-streams:1.0.2
2022-06-22 16:02:44,475 [Worker-32: Download sources and javadoc] INFO  o.e.m.c.i.e.AbstractTransferListenerAdapter - Downloading https://repo.maven.apache.org/maven2/software/amazon/awssdk/auth/2.16.1/auth-2.16.1-sources.jar
2022-06-22 16:02:44,545 [Worker-32: Download sources and javadoc] INFO  o.e.m.c.i.e.AbstractTransferListenerAdapter - Downloaded https://repo.maven.apache.org/maven2/software/amazon/awssdk/auth/2.16.1/auth-2.16.1-sources.jar
2022-06-22 16:02:44,547 [Worker-32: Download sources and javadoc] INFO  o.e.m.j.internal.DownloadSourcesJob - Downloaded sources for software.amazon.awssdk:auth:2.16.1
2022-06-22 16:02:44,619 [Worker-32: Download sources and javadoc] INFO  o.e.m.c.i.e.AbstractTransferListenerAdapter - Downloading https://repo.maven.apache.org/maven2/software/amazon/eventstream/eventstream/1.0.1/eventstream-1.0.1-sources.jar
2022-06-22 16:02:44,690 [Worker-32: Download sources and javadoc] INFO  o.e.m.c.i.e.AbstractTransferListenerAdapter - Downloaded https://repo.maven.apache.org/maven2/software/amazon/eventstream/eventstream/1.0.1/eventstream-1.0.1-sources.jar
2022-06-22 16:02:44,691 [Worker-32: Download sources and javadoc] INFO  o.e.m.j.internal.DownloadSourcesJob - Downloaded sources for software.amazon.eventstream:eventstream:1.0.1
2022-06-22 16:02:44,805 [Worker-32: Download sources and javadoc] INFO  o.e.m.c.i.e.AbstractTransferListenerAdapter - Downloading https://repo.maven.apache.org/maven2/software/amazon/awssdk/http-client-spi/2.16.1/http-client-spi-2.16.1-sources.jar
2022-06-22 16:02:44,955 [Worker-32: Download sources and javadoc] INFO  o.e.m.c.i.e.AbstractTransferListenerAdapter - Downloaded https://repo.maven.apache.org/maven2/software/amazon/awssdk/http-client-spi/2.16.1/http-client-spi-2.16.1-sources.jar
2022-06-22 16:02:44,956 [Worker-32: Download sources and javadoc] INFO  o.e.m.j.internal.DownloadSourcesJob - Downloaded sources for software.amazon.awssdk:http-client-spi:2.16.1
2022-06-22 16:02:45,093 [Worker-32: Download sources and javadoc] INFO  o.e.m.c.i.e.AbstractTransferListenerAdapter - Downloading https://repo.maven.apache.org/maven2/software/amazon/awssdk/regions/2.16.1/regions-2.16.1-sources.jar
2022-06-22 16:02:45,298 [Worker-32: Download sources and javadoc] INFO  o.e.m.c.i.e.AbstractTransferListenerAdapter - Downloaded https://repo.maven.apache.org/maven2/software/amazon/awssdk/regions/2.16.1/regions-2.16.1-sources.jar
2022-06-22 16:02:45,299 [Worker-32: Download sources and javadoc] INFO  o.e.m.j.internal.DownloadSourcesJob - Downloaded sources for software.amazon.awssdk:regions:2.16.1
2022-06-22 16:02:45,439 [Worker-32: Download sources and javadoc] INFO  o.e.m.c.i.e.AbstractTransferListenerAdapter - Downloading https://repo.maven.apache.org/maven2/com/fasterxml/jackson/core/jackson-annotations/2.12.1/jackson-annotations-2.12.1-sources.jar
2022-06-22 16:02:45,491 [Worker-32: Download sources and javadoc] INFO  o.e.m.c.i.e.AbstractTransferListenerAdapter - Downloaded https://repo.maven.apache.org/maven2/com/fasterxml/jackson/core/jackson-annotations/2.12.1/jackson-annotations-2.12.1-sources.jar
2022-06-22 16:02:45,493 [Worker-32: Download sources and javadoc] INFO  o.e.m.j.internal.DownloadSourcesJob - Downloaded sources for com.fasterxml.jackson.core:jackson-annotations:2.12.1
2022-06-22 16:02:45,567 [Worker-32: Download sources and javadoc] INFO  o.e.m.c.i.e.AbstractTransferListenerAdapter - Downloading https://repo.maven.apache.org/maven2/software/amazon/awssdk/annotations/2.16.1/annotations-2.16.1-sources.jar
2022-06-22 16:02:45,685 [Worker-32: Download sources and javadoc] INFO  o.e.m.c.i.e.AbstractTransferListenerAdapter - Downloaded https://repo.maven.apache.org/maven2/software/amazon/awssdk/annotations/2.16.1/annotations-2.16.1-sources.jar
2022-06-22 16:02:45,686 [Worker-32: Download sources and javadoc] INFO  o.e.m.j.internal.DownloadSourcesJob - Downloaded sources for software.amazon.awssdk:annotations:2.16.1
2022-06-22 16:02:45,763 [Worker-32: Download sources and javadoc] INFO  o.e.m.c.i.e.AbstractTransferListenerAdapter - Downloading https://repo.maven.apache.org/maven2/software/amazon/awssdk/utils/2.16.1/utils-2.16.1-sources.jar
2022-06-22 16:02:45,889 [Worker-32: Download sources and javadoc] INFO  o.e.m.c.i.e.AbstractTransferListenerAdapter - Downloaded https://repo.maven.apache.org/maven2/software/amazon/awssdk/utils/2.16.1/utils-2.16.1-sources.jar
2022-06-22 16:02:45,891 [Worker-32: Download sources and javadoc] INFO  o.e.m.j.internal.DownloadSourcesJob - Downloaded sources for software.amazon.awssdk:utils:2.16.1
2022-06-22 16:02:46,149 [Worker-32: Download sources and javadoc] INFO  o.e.m.c.i.e.AbstractTransferListenerAdapter - Downloading https://repo.maven.apache.org/maven2/software/amazon/awssdk/aws-core/2.16.1/aws-core-2.16.1-sources.jar
2022-06-22 16:02:46,252 [Worker-32: Download sources and javadoc] INFO  o.e.m.c.i.e.AbstractTransferListenerAdapter - Downloaded https://repo.maven.apache.org/maven2/software/amazon/awssdk/aws-core/2.16.1/aws-core-2.16.1-sources.jar
2022-06-22 16:02:46,253 [Worker-32: Download sources and javadoc] INFO  o.e.m.j.internal.DownloadSourcesJob - Downloaded sources for software.amazon.awssdk:aws-core:2.16.1
2022-06-22 16:02:46,405 [Worker-32: Download sources and javadoc] INFO  o.e.m.c.i.e.AbstractTransferListenerAdapter - Downloading https://repo.maven.apache.org/maven2/software/amazon/awssdk/metrics-spi/2.16.1/metrics-spi-2.16.1-sources.jar
2022-06-22 16:02:46,541 [Worker-32: Download sources and javadoc] INFO  o.e.m.c.i.e.AbstractTransferListenerAdapter - Downloaded https://repo.maven.apache.org/maven2/software/amazon/awssdk/metrics-spi/2.16.1/metrics-spi-2.16.1-sources.jar
2022-06-22 16:02:46,544 [Worker-32: Download sources and javadoc] INFO  o.e.m.j.internal.DownloadSourcesJob - Downloaded sources for software.amazon.awssdk:metrics-spi:2.16.1
2022-06-22 16:02:46,618 [Worker-32: Download sources and javadoc] INFO  o.e.m.c.i.e.AbstractTransferListenerAdapter - Downloading https://repo.maven.apache.org/maven2/software/amazon/awssdk/apache-client/2.16.1/apache-client-2.16.1-sources.jar
2022-06-22 16:02:46,791 [Worker-32: Download sources and javadoc] INFO  o.e.m.c.i.e.AbstractTransferListenerAdapter - Downloaded https://repo.maven.apache.org/maven2/software/amazon/awssdk/apache-client/2.16.1/apache-client-2.16.1-sources.jar
2022-06-22 16:02:46,793 [Worker-32: Download sources and javadoc] INFO  o.e.m.j.internal.DownloadSourcesJob - Downloaded sources for software.amazon.awssdk:apache-client:2.16.1
2022-06-22 16:02:46,897 [Worker-32: Download sources and javadoc] INFO  o.e.m.c.i.e.AbstractTransferListenerAdapter - Downloading https://repo.maven.apache.org/maven2/org/apache/httpcomponents/httpclient/4.5.13/httpclient-4.5.13-sources.jar
2022-06-22 16:02:46,992 [Worker-32: Download sources and javadoc] INFO  o.e.m.c.i.e.AbstractTransferListenerAdapter - Downloaded https://repo.maven.apache.org/maven2/org/apache/httpcomponents/httpclient/4.5.13/httpclient-4.5.13-sources.jar
2022-06-22 16:02:46,993 [Worker-32: Download sources and javadoc] INFO  o.e.m.j.internal.DownloadSourcesJob - Downloaded sources for org.apache.httpcomponents:httpclient:4.5.13
2022-06-22 16:02:47,089 [Worker-32: Download sources and javadoc] INFO  o.e.m.c.i.e.AbstractTransferListenerAdapter - Downloading https://repo.maven.apache.org/maven2/commons-logging/commons-logging/1.2/commons-logging-1.2-sources.jar
2022-06-22 16:02:47,139 [Worker-32: Download sources and javadoc] INFO  o.e.m.c.i.e.AbstractTransferListenerAdapter - Downloaded https://repo.maven.apache.org/maven2/commons-logging/commons-logging/1.2/commons-logging-1.2-sources.jar
2022-06-22 16:02:47,140 [Worker-32: Download sources and javadoc] INFO  o.e.m.j.internal.DownloadSourcesJob - Downloaded sources for commons-logging:commons-logging:1.2
2022-06-22 16:02:47,216 [Worker-32: Download sources and javadoc] INFO  o.e.m.c.i.e.AbstractTransferListenerAdapter - Downloading https://repo.maven.apache.org/maven2/commons-codec/commons-codec/1.11/commons-codec-1.11-sources.jar
2022-06-22 16:02:47,284 [Worker-32: Download sources and javadoc] INFO  o.e.m.c.i.e.AbstractTransferListenerAdapter - Downloaded https://repo.maven.apache.org/maven2/commons-codec/commons-codec/1.11/commons-codec-1.11-sources.jar
2022-06-22 16:02:47,285 [Worker-32: Download sources and javadoc] INFO  o.e.m.j.internal.DownloadSourcesJob - Downloaded sources for commons-codec:commons-codec:1.11
2022-06-22 16:02:47,363 [Worker-32: Download sources and javadoc] INFO  o.e.m.c.i.e.AbstractTransferListenerAdapter - Downloading https://repo.maven.apache.org/maven2/org/apache/httpcomponents/httpcore/4.4.11/httpcore-4.4.11-sources.jar
2022-06-22 16:02:47,449 [Worker-32: Download sources and javadoc] INFO  o.e.m.c.i.e.AbstractTransferListenerAdapter - Downloaded https://repo.maven.apache.org/maven2/org/apache/httpcomponents/httpcore/4.4.11/httpcore-4.4.11-sources.jar
2022-06-22 16:02:47,451 [Worker-32: Download sources and javadoc] INFO  o.e.m.j.internal.DownloadSourcesJob - Downloaded sources for org.apache.httpcomponents:httpcore:4.4.11
2022-06-22 16:02:47,557 [Worker-32: Download sources and javadoc] INFO  o.e.m.c.i.e.AbstractTransferListenerAdapter - Downloading https://repo.maven.apache.org/maven2/software/amazon/awssdk/netty-nio-client/2.16.1/netty-nio-client-2.16.1-sources.jar
2022-06-22 16:02:47,680 [Worker-32: Download sources and javadoc] INFO  o.e.m.c.i.e.AbstractTransferListenerAdapter - Downloaded https://repo.maven.apache.org/maven2/software/amazon/awssdk/netty-nio-client/2.16.1/netty-nio-client-2.16.1-sources.jar
2022-06-22 16:02:47,682 [Worker-32: Download sources and javadoc] INFO  o.e.m.j.internal.DownloadSourcesJob - Downloaded sources for software.amazon.awssdk:netty-nio-client:2.16.1
2022-06-22 16:02:47,757 [Worker-32: Download sources and javadoc] INFO  o.e.m.c.i.e.AbstractTransferListenerAdapter - Downloading https://repo.maven.apache.org/maven2/io/netty/netty-codec-http/4.1.59.Final/netty-codec-http-4.1.59.Final-sources.jar
2022-06-22 16:02:47,828 [Worker-32: Download sources and javadoc] INFO  o.e.m.c.i.e.AbstractTransferListenerAdapter - Downloaded https://repo.maven.apache.org/maven2/io/netty/netty-codec-http/4.1.59.Final/netty-codec-http-4.1.59.Final-sources.jar
2022-06-22 16:02:47,830 [Worker-32: Download sources and javadoc] INFO  o.e.m.j.internal.DownloadSourcesJob - Downloaded sources for io.netty:netty-codec-http:4.1.59.Final
2022-06-22 16:02:47,924 [Worker-32: Download sources and javadoc] INFO  o.e.m.c.i.e.AbstractTransferListenerAdapter - Downloading https://repo.maven.apache.org/maven2/io/netty/netty-codec-http2/4.1.59.Final/netty-codec-http2-4.1.59.Final-sources.jar
2022-06-22 16:02:48,060 [Worker-32: Download sources and javadoc] INFO  o.e.m.c.i.e.AbstractTransferListenerAdapter - Downloaded https://repo.maven.apache.org/maven2/io/netty/netty-codec-http2/4.1.59.Final/netty-codec-http2-4.1.59.Final-sources.jar
2022-06-22 16:02:48,062 [Worker-32: Download sources and javadoc] INFO  o.e.m.j.internal.DownloadSourcesJob - Downloaded sources for io.netty:netty-codec-http2:4.1.59.Final
2022-06-22 16:02:48,135 [Worker-32: Download sources and javadoc] INFO  o.e.m.c.i.e.AbstractTransferListenerAdapter - Downloading https://repo.maven.apache.org/maven2/io/netty/netty-codec/4.1.59.Final/netty-codec-4.1.59.Final-sources.jar
2022-06-22 16:02:48,205 [Worker-32: Download sources and javadoc] INFO  o.e.m.c.i.e.AbstractTransferListenerAdapter - Downloaded https://repo.maven.apache.org/maven2/io/netty/netty-codec/4.1.59.Final/netty-codec-4.1.59.Final-sources.jar
2022-06-22 16:02:48,206 [Worker-32: Download sources and javadoc] INFO  o.e.m.j.internal.DownloadSourcesJob - Downloaded sources for io.netty:netty-codec:4.1.59.Final
2022-06-22 16:02:48,277 [Worker-32: Download sources and javadoc] INFO  o.e.m.c.i.e.AbstractTransferListenerAdapter - Downloading https://repo.maven.apache.org/maven2/io/netty/netty-transport/4.1.59.Final/netty-transport-4.1.59.Final-sources.jar
2022-06-22 16:02:48,340 [Worker-32: Download sources and javadoc] INFO  o.e.m.c.i.e.AbstractTransferListenerAdapter - Downloaded https://repo.maven.apache.org/maven2/io/netty/netty-transport/4.1.59.Final/netty-transport-4.1.59.Final-sources.jar
2022-06-22 16:02:48,342 [Worker-32: Download sources and javadoc] INFO  o.e.m.j.internal.DownloadSourcesJob - Downloaded sources for io.netty:netty-transport:4.1.59.Final
2022-06-22 16:02:48,410 [Worker-32: Download sources and javadoc] INFO  o.e.m.c.i.e.AbstractTransferListenerAdapter - Downloading https://repo.maven.apache.org/maven2/io/netty/netty-resolver/4.1.59.Final/netty-resolver-4.1.59.Final-sources.jar
2022-06-22 16:02:48,547 [Worker-32: Download sources and javadoc] INFO  o.e.m.c.i.e.AbstractTransferListenerAdapter - Downloaded https://repo.maven.apache.org/maven2/io/netty/netty-resolver/4.1.59.Final/netty-resolver-4.1.59.Final-sources.jar
2022-06-22 16:02:48,549 [Worker-32: Download sources and javadoc] INFO  o.e.m.j.internal.DownloadSourcesJob - Downloaded sources for io.netty:netty-resolver:4.1.59.Final
2022-06-22 16:02:48,612 [Worker-25: Building] INFO  o.e.m.c.i.embedder.EclipseLogger - Using 'UTF-8' encoding to copy filtered resources.
2022-06-22 16:02:48,612 [Worker-25: Building] INFO  o.e.m.c.i.embedder.EclipseLogger - skip non existing resourceDirectory D:\NJIT\Subjects\Semthree\CloudComputing\Assignments\ProgrammingAssignment\PA-1\Clone\CS643-AWS-ProgAssgn-1\CarRecognize\src\main\resources
2022-06-22 16:02:48,613 [Worker-25: Building] INFO  o.e.m.c.i.embedder.EclipseLogger - Using 'UTF-8' encoding to copy filtered resources.
2022-06-22 16:02:48,613 [Worker-25: Building] INFO  o.e.m.c.i.embedder.EclipseLogger - skip non existing resourceDirectory D:\NJIT\Subjects\Semthree\CloudComputing\Assignments\ProgrammingAssignment\PA-1\Clone\CS643-AWS-ProgAssgn-1\CarRecognize\src\test\resources
2022-06-22 16:02:48,617 [Worker-25: Building] INFO  o.e.m.c.i.embedder.EclipseLogger - Using 'UTF-8' encoding to copy filtered resources.
2022-06-22 16:02:48,618 [Worker-25: Building] INFO  o.e.m.c.i.embedder.EclipseLogger - skip non existing resourceDirectory D:\NJIT\Subjects\Semthree\CloudComputing\Assignments\ProgrammingAssignment\PA-1\Clone\CS643-AWS-ProgAssgn-1\CarText\src\main\resources
2022-06-22 16:02:48,618 [Worker-25: Building] INFO  o.e.m.c.i.embedder.EclipseLogger - Using 'UTF-8' encoding to copy filtered resources.
2022-06-22 16:02:48,618 [Worker-25: Building] INFO  o.e.m.c.i.embedder.EclipseLogger - skip non existing resourceDirectory D:\NJIT\Subjects\Semthree\CloudComputing\Assignments\ProgrammingAssignment\PA-1\Clone\CS643-AWS-ProgAssgn-1\CarText\src\test\resources
2022-06-22 16:02:48,629 [Worker-32: Download sources and javadoc] INFO  o.e.m.c.i.e.AbstractTransferListenerAdapter - Downloading https://repo.maven.apache.org/maven2/io/netty/netty-common/4.1.59.Final/netty-common-4.1.59.Final-sources.jar
2022-06-22 16:02:48,713 [Worker-32: Download sources and javadoc] INFO  o.e.m.c.i.e.AbstractTransferListenerAdapter - Downloaded https://repo.maven.apache.org/maven2/io/netty/netty-common/4.1.59.Final/netty-common-4.1.59.Final-sources.jar
2022-06-22 16:02:48,715 [Worker-32: Download sources and javadoc] INFO  o.e.m.j.internal.DownloadSourcesJob - Downloaded sources for io.netty:netty-common:4.1.59.Final
2022-06-22 16:02:48,804 [Worker-32: Download sources and javadoc] INFO  o.e.m.c.i.e.AbstractTransferListenerAdapter - Downloading https://repo.maven.apache.org/maven2/io/netty/netty-buffer/4.1.59.Final/netty-buffer-4.1.59.Final-sources.jar
2022-06-22 16:02:48,873 [Worker-32: Download sources and javadoc] INFO  o.e.m.c.i.e.AbstractTransferListenerAdapter - Downloaded https://repo.maven.apache.org/maven2/io/netty/netty-buffer/4.1.59.Final/netty-buffer-4.1.59.Final-sources.jar
2022-06-22 16:02:48,875 [Worker-32: Download sources and javadoc] INFO  o.e.m.j.internal.DownloadSourcesJob - Downloaded sources for io.netty:netty-buffer:4.1.59.Final
2022-06-22 16:02:48,948 [Worker-32: Download sources and javadoc] INFO  o.e.m.c.i.e.AbstractTransferListenerAdapter - Downloading https://repo.maven.apache.org/maven2/io/netty/netty-handler/4.1.59.Final/netty-handler-4.1.59.Final-sources.jar
2022-06-22 16:02:49,030 [Worker-32: Download sources and javadoc] INFO  o.e.m.c.i.e.AbstractTransferListenerAdapter - Downloaded https://repo.maven.apache.org/maven2/io/netty/netty-handler/4.1.59.Final/netty-handler-4.1.59.Final-sources.jar
2022-06-22 16:02:49,032 [Worker-32: Download sources and javadoc] INFO  o.e.m.j.internal.DownloadSourcesJob - Downloaded sources for io.netty:netty-handler:4.1.59.Final
2022-06-22 16:02:49,442 [Worker-32: Download sources and javadoc] INFO  o.e.m.c.i.e.AbstractTransferListenerAdapter - Downloading https://repo.maven.apache.org/maven2/io/netty/netty-transport-native-epoll/4.1.59.Final/netty-transport-native-epoll-4.1.59.Final-sources.jar
2022-06-22 16:02:49,503 [Worker-32: Download sources and javadoc] INFO  o.e.m.c.i.e.AbstractTransferListenerAdapter - Downloaded https://repo.maven.apache.org/maven2/io/netty/netty-transport-native-epoll/4.1.59.Final/netty-transport-native-epoll-4.1.59.Final-sources.jar
2022-06-22 16:02:49,506 [Worker-32: Download sources and javadoc] INFO  o.e.m.j.internal.DownloadSourcesJob - Downloaded sources for io.netty:netty-transport-native-epoll:4.1.59.Final:linux-x86_64
2022-06-22 16:02:49,587 [Worker-32: Download sources and javadoc] INFO  o.e.m.c.i.e.AbstractTransferListenerAdapter - Downloading https://repo.maven.apache.org/maven2/io/netty/netty-transport-native-unix-common/4.1.59.Final/netty-transport-native-unix-common-4.1.59.Final-sources.jar
2022-06-22 16:02:49,625 [Worker-32: Download sources and javadoc] INFO  o.e.m.c.i.e.AbstractTransferListenerAdapter - Downloaded https://repo.maven.apache.org/maven2/io/netty/netty-transport-native-unix-common/4.1.59.Final/netty-transport-native-unix-common-4.1.59.Final-sources.jar
2022-06-22 16:02:49,627 [Worker-32: Download sources and javadoc] INFO  o.e.m.j.internal.DownloadSourcesJob - Downloaded sources for io.netty:netty-transport-native-unix-common:4.1.59.Final
2022-06-22 16:02:49,699 [Worker-32: Download sources and javadoc] INFO  o.e.m.c.i.e.AbstractTransferListenerAdapter - Downloading https://repo.maven.apache.org/maven2/com/typesafe/netty/netty-reactive-streams-http/2.0.4/netty-reactive-streams-http-2.0.4-sources.jar
2022-06-22 16:02:49,766 [Worker-32: Download sources and javadoc] INFO  o.e.m.c.i.e.AbstractTransferListenerAdapter - Downloaded https://repo.maven.apache.org/maven2/com/typesafe/netty/netty-reactive-streams-http/2.0.4/netty-reactive-streams-http-2.0.4-sources.jar
2022-06-22 16:02:49,768 [Worker-32: Download sources and javadoc] INFO  o.e.m.j.internal.DownloadSourcesJob - Downloaded sources for com.typesafe.netty:netty-reactive-streams-http:2.0.4
2022-06-22 16:02:49,880 [Worker-32: Download sources and javadoc] INFO  o.e.m.c.i.e.AbstractTransferListenerAdapter - Downloading https://repo.maven.apache.org/maven2/com/typesafe/netty/netty-reactive-streams/2.0.4/netty-reactive-streams-2.0.4-sources.jar
2022-06-22 16:02:49,932 [Worker-32: Download sources and javadoc] INFO  o.e.m.c.i.e.AbstractTransferListenerAdapter - Downloaded https://repo.maven.apache.org/maven2/com/typesafe/netty/netty-reactive-streams/2.0.4/netty-reactive-streams-2.0.4-sources.jar
2022-06-22 16:02:49,934 [Worker-32: Download sources and javadoc] INFO  o.e.m.j.internal.DownloadSourcesJob - Downloaded sources for com.typesafe.netty:netty-reactive-streams:2.0.4
2022-06-22 16:02:50,247 [Worker-32: Download sources and javadoc] INFO  o.e.m.c.i.e.AbstractTransferListenerAdapter - Downloading https://repo.maven.apache.org/maven2/software/amazon/awssdk/rekognition/2.13.31/rekognition-2.13.31-sources.jar
2022-06-22 16:02:50,491 [Worker-32: Download sources and javadoc] INFO  o.e.m.c.i.e.AbstractTransferListenerAdapter - Downloaded https://repo.maven.apache.org/maven2/software/amazon/awssdk/rekognition/2.13.31/rekognition-2.13.31-sources.jar
2022-06-22 16:02:50,492 [Worker-32: Download sources and javadoc] INFO  o.e.m.j.internal.DownloadSourcesJob - Downloaded sources for software.amazon.awssdk:rekognition:2.13.31
2022-06-22 16:02:50,636 [Worker-32: Download sources and javadoc] INFO  o.e.m.c.i.e.AbstractTransferListenerAdapter - Downloading https://repo.maven.apache.org/maven2/software/amazon/awssdk/aws-json-protocol/2.16.1/aws-json-protocol-2.16.1-sources.jar
2022-06-22 16:02:50,737 [Worker-32: Download sources and javadoc] INFO  o.e.m.c.i.e.AbstractTransferListenerAdapter - Downloaded https://repo.maven.apache.org/maven2/software/amazon/awssdk/aws-json-protocol/2.16.1/aws-json-protocol-2.16.1-sources.jar
2022-06-22 16:02:50,739 [Worker-32: Download sources and javadoc] INFO  o.e.m.j.internal.DownloadSourcesJob - Downloaded sources for software.amazon.awssdk:aws-json-protocol:2.16.1
2022-06-22 16:02:50,906 [Worker-32: Download sources and javadoc] INFO  o.e.m.c.i.e.AbstractTransferListenerAdapter - Downloading https://repo.maven.apache.org/maven2/software/amazon/awssdk/sqs/2.16.1/sqs-2.16.1-sources.jar
2022-06-22 16:02:51,065 [Worker-32: Download sources and javadoc] INFO  o.e.m.c.i.e.AbstractTransferListenerAdapter - Downloaded https://repo.maven.apache.org/maven2/software/amazon/awssdk/sqs/2.16.1/sqs-2.16.1-sources.jar
2022-06-22 16:02:51,067 [Worker-32: Download sources and javadoc] INFO  o.e.m.j.internal.DownloadSourcesJob - Downloaded sources for software.amazon.awssdk:sqs:2.16.1
2022-06-22 16:02:51,218 [Worker-32: Download sources and javadoc] INFO  o.e.m.c.i.e.AbstractTransferListenerAdapter - Downloading https://repo.maven.apache.org/maven2/software/amazon/awssdk/aws-query-protocol/2.16.1/aws-query-protocol-2.16.1-sources.jar
2022-06-22 16:02:51,447 [Worker-32: Download sources and javadoc] INFO  o.e.m.c.i.e.AbstractTransferListenerAdapter - Downloaded https://repo.maven.apache.org/maven2/software/amazon/awssdk/aws-query-protocol/2.16.1/aws-query-protocol-2.16.1-sources.jar
2022-06-22 16:02:51,449 [Worker-32: Download sources and javadoc] INFO  o.e.m.j.internal.DownloadSourcesJob - Downloaded sources for software.amazon.awssdk:aws-query-protocol:2.16.1
2022-06-22 16:02:51,450 [Worker-32: Download sources and javadoc] INFO  o.e.m.j.internal.DownloadSourcesJob - Downloaded sources for software.amazon.awssdk:s3:2.16.1
2022-06-22 16:02:51,452 [Worker-32: Download sources and javadoc] INFO  o.e.m.j.internal.DownloadSourcesJob - Downloaded sources for software.amazon.awssdk:aws-xml-protocol:2.16.1
2022-06-22 16:02:51,453 [Worker-32: Download sources and javadoc] INFO  o.e.m.j.internal.DownloadSourcesJob - Downloaded sources for software.amazon.awssdk:protocol-core:2.16.1
2022-06-22 16:02:51,454 [Worker-32: Download sources and javadoc] INFO  o.e.m.j.internal.DownloadSourcesJob - Downloaded sources for software.amazon.awssdk:arns:2.16.1
2022-06-22 16:02:51,456 [Worker-32: Download sources and javadoc] INFO  o.e.m.j.internal.DownloadSourcesJob - Downloaded sources for software.amazon.awssdk:profiles:2.16.1
2022-06-22 16:02:51,457 [Worker-32: Download sources and javadoc] INFO  o.e.m.j.internal.DownloadSourcesJob - Downloaded sources for software.amazon.awssdk:sdk-core:2.16.1
2022-06-22 16:02:51,458 [Worker-32: Download sources and javadoc] INFO  o.e.m.j.internal.DownloadSourcesJob - Downloaded sources for org.slf4j:slf4j-api:1.7.28
2022-06-22 16:02:51,459 [Worker-32: Download sources and javadoc] INFO  o.e.m.j.internal.DownloadSourcesJob - Downloaded sources for com.fasterxml.jackson.core:jackson-core:2.12.1
2022-06-22 16:02:51,460 [Worker-32: Download sources and javadoc] INFO  o.e.m.j.internal.DownloadSourcesJob - Downloaded sources for com.fasterxml.jackson.core:jackson-databind:2.12.1
2022-06-22 16:02:51,461 [Worker-32: Download sources and javadoc] INFO  o.e.m.j.internal.DownloadSourcesJob - Downloaded sources for org.reactivestreams:reactive-streams:1.0.2
2022-06-22 16:02:51,462 [Worker-32: Download sources and javadoc] INFO  o.e.m.j.internal.DownloadSourcesJob - Downloaded sources for software.amazon.awssdk:auth:2.16.1
2022-06-22 16:02:51,463 [Worker-32: Download sources and javadoc] INFO  o.e.m.j.internal.DownloadSourcesJob - Downloaded sources for software.amazon.eventstream:eventstream:1.0.1
2022-06-22 16:02:51,464 [Worker-32: Download sources and javadoc] INFO  o.e.m.j.internal.DownloadSourcesJob - Downloaded sources for software.amazon.awssdk:http-client-spi:2.16.1
2022-06-22 16:02:51,465 [Worker-32: Download sources and javadoc] INFO  o.e.m.j.internal.DownloadSourcesJob - Downloaded sources for software.amazon.awssdk:regions:2.16.1
2022-06-22 16:02:51,466 [Worker-32: Download sources and javadoc] INFO  o.e.m.j.internal.DownloadSourcesJob - Downloaded sources for com.fasterxml.jackson.core:jackson-annotations:2.12.1
2022-06-22 16:02:51,467 [Worker-32: Download sources and javadoc] INFO  o.e.m.j.internal.DownloadSourcesJob - Downloaded sources for software.amazon.awssdk:annotations:2.16.1
2022-06-22 16:02:51,467 [Worker-32: Download sources and javadoc] INFO  o.e.m.j.internal.DownloadSourcesJob - Downloaded sources for software.amazon.awssdk:utils:2.16.1
2022-06-22 16:02:51,468 [Worker-32: Download sources and javadoc] INFO  o.e.m.j.internal.DownloadSourcesJob - Downloaded sources for software.amazon.awssdk:aws-core:2.16.1
2022-06-22 16:02:51,469 [Worker-32: Download sources and javadoc] INFO  o.e.m.j.internal.DownloadSourcesJob - Downloaded sources for software.amazon.awssdk:metrics-spi:2.16.1
2022-06-22 16:02:51,470 [Worker-32: Download sources and javadoc] INFO  o.e.m.j.internal.DownloadSourcesJob - Downloaded sources for software.amazon.awssdk:apache-client:2.16.1
2022-06-22 16:02:51,471 [Worker-32: Download sources and javadoc] INFO  o.e.m.j.internal.DownloadSourcesJob - Downloaded sources for org.apache.httpcomponents:httpclient:4.5.13
2022-06-22 16:02:51,472 [Worker-32: Download sources and javadoc] INFO  o.e.m.j.internal.DownloadSourcesJob - Downloaded sources for commons-logging:commons-logging:1.2
2022-06-22 16:02:51,473 [Worker-32: Download sources and javadoc] INFO  o.e.m.j.internal.DownloadSourcesJob - Downloaded sources for commons-codec:commons-codec:1.11
2022-06-22 16:02:51,474 [Worker-32: Download sources and javadoc] INFO  o.e.m.j.internal.DownloadSourcesJob - Downloaded sources for org.apache.httpcomponents:httpcore:4.4.11
2022-06-22 16:02:51,475 [Worker-32: Download sources and javadoc] INFO  o.e.m.j.internal.DownloadSourcesJob - Downloaded sources for software.amazon.awssdk:netty-nio-client:2.16.1
2022-06-22 16:02:51,475 [Worker-32: Download sources and javadoc] INFO  o.e.m.j.internal.DownloadSourcesJob - Downloaded sources for io.netty:netty-codec-http:4.1.59.Final
2022-06-22 16:02:51,476 [Worker-32: Download sources and javadoc] INFO  o.e.m.j.internal.DownloadSourcesJob - Downloaded sources for io.netty:netty-codec-http2:4.1.59.Final
2022-06-22 16:02:51,477 [Worker-32: Download sources and javadoc] INFO  o.e.m.j.internal.DownloadSourcesJob - Downloaded sources for io.netty:netty-codec:4.1.59.Final
2022-06-22 16:02:51,478 [Worker-32: Download sources and javadoc] INFO  o.e.m.j.internal.DownloadSourcesJob - Downloaded sources for io.netty:netty-transport:4.1.59.Final
2022-06-22 16:02:51,479 [Worker-32: Download sources and javadoc] INFO  o.e.m.j.internal.DownloadSourcesJob - Downloaded sources for io.netty:netty-resolver:4.1.59.Final
2022-06-22 16:02:51,480 [Worker-32: Download sources and javadoc] INFO  o.e.m.j.internal.DownloadSourcesJob - Downloaded sources for io.netty:netty-common:4.1.59.Final
2022-06-22 16:02:51,481 [Worker-32: Download sources and javadoc] INFO  o.e.m.j.internal.DownloadSourcesJob - Downloaded sources for io.netty:netty-buffer:4.1.59.Final
2022-06-22 16:02:51,482 [Worker-32: Download sources and javadoc] INFO  o.e.m.j.internal.DownloadSourcesJob - Downloaded sources for io.netty:netty-handler:4.1.59.Final
2022-06-22 16:02:51,483 [Worker-32: Download sources and javadoc] INFO  o.e.m.j.internal.DownloadSourcesJob - Downloaded sources for io.netty:netty-transport-native-epoll:4.1.59.Final:linux-x86_64
2022-06-22 16:02:51,484 [Worker-32: Download sources and javadoc] INFO  o.e.m.j.internal.DownloadSourcesJob - Downloaded sources for io.netty:netty-transport-native-unix-common:4.1.59.Final
2022-06-22 16:02:51,485 [Worker-32: Download sources and javadoc] INFO  o.e.m.j.internal.DownloadSourcesJob - Downloaded sources for com.typesafe.netty:netty-reactive-streams-http:2.0.4
2022-06-22 16:02:51,486 [Worker-32: Download sources and javadoc] INFO  o.e.m.j.internal.DownloadSourcesJob - Downloaded sources for com.typesafe.netty:netty-reactive-streams:2.0.4
2022-06-22 16:02:51,487 [Worker-32: Download sources and javadoc] INFO  o.e.m.j.internal.DownloadSourcesJob - Downloaded sources for software.amazon.awssdk:rekognition:2.13.31
2022-06-22 16:02:51,488 [Worker-32: Download sources and javadoc] INFO  o.e.m.j.internal.DownloadSourcesJob - Downloaded sources for software.amazon.awssdk:aws-json-protocol:2.16.1
2022-06-22 16:02:51,488 [Worker-32: Download sources and javadoc] INFO  o.e.m.j.internal.DownloadSourcesJob - Downloaded sources for software.amazon.awssdk:sqs:2.16.1
2022-06-22 16:02:51,489 [Worker-32: Download sources and javadoc] INFO  o.e.m.j.internal.DownloadSourcesJob - Downloaded sources for software.amazon.awssdk:aws-query-protocol:2.16.1
2022-06-22 16:02:51,690 [Worker-4: Building] INFO  o.e.m.c.i.embedder.EclipseLogger - Using 'UTF-8' encoding to copy filtered resources.
2022-06-22 16:02:51,690 [Worker-4: Building] INFO  o.e.m.c.i.embedder.EclipseLogger - skip non existing resourceDirectory D:\NJIT\Subjects\Semthree\CloudComputing\Assignments\ProgrammingAssignment\PA-1\Clone\CS643-AWS-ProgAssgn-1\CarRecognize\src\main\resources
2022-06-22 16:02:51,690 [Worker-4: Building] INFO  o.e.m.c.i.embedder.EclipseLogger - Using 'UTF-8' encoding to copy filtered resources.
2022-06-22 16:02:51,690 [Worker-4: Building] INFO  o.e.m.c.i.embedder.EclipseLogger - skip non existing resourceDirectory D:\NJIT\Subjects\Semthree\CloudComputing\Assignments\ProgrammingAssignment\PA-1\Clone\CS643-AWS-ProgAssgn-1\CarRecognize\src\test\resources
2022-06-22 16:02:51,694 [Worker-4: Building] INFO  o.e.m.c.i.embedder.EclipseLogger - Using 'UTF-8' encoding to copy filtered resources.
2022-06-22 16:02:51,694 [Worker-4: Building] INFO  o.e.m.c.i.embedder.EclipseLogger - skip non existing resourceDirectory D:\NJIT\Subjects\Semthree\CloudComputing\Assignments\ProgrammingAssignment\PA-1\Clone\CS643-AWS-ProgAssgn-1\CarText\src\main\resources
2022-06-22 16:02:51,694 [Worker-4: Building] INFO  o.e.m.c.i.embedder.EclipseLogger - Using 'UTF-8' encoding to copy filtered resources.
2022-06-22 16:02:51,694 [Worker-4: Building] INFO  o.e.m.c.i.embedder.EclipseLogger - skip non existing resourceDirectory D:\NJIT\Subjects\Semthree\CloudComputing\Assignments\ProgrammingAssignment\PA-1\Clone\CS643-AWS-ProgAssgn-1\CarText\src\test\resources
2022-06-22 16:02:55,997 [Worker-36: Building] INFO  o.e.m.c.i.embedder.EclipseLogger - Using 'UTF-8' encoding to copy filtered resources.
2022-06-22 16:02:55,997 [Worker-36: Building] INFO  o.e.m.c.i.embedder.EclipseLogger - skip non existing resourceDirectory D:\NJIT\Subjects\Semthree\CloudComputing\Assignments\ProgrammingAssignment\PA-1\Clone\CS643-AWS-ProgAssgn-1\CarRecognize\src\main\resources
2022-06-22 16:02:55,997 [Worker-36: Building] INFO  o.e.m.c.i.embedder.EclipseLogger - Using 'UTF-8' encoding to copy filtered resources.
2022-06-22 16:02:55,998 [Worker-36: Building] INFO  o.e.m.c.i.embedder.EclipseLogger - skip non existing resourceDirectory D:\NJIT\Subjects\Semthree\CloudComputing\Assignments\ProgrammingAssignment\PA-1\Clone\CS643-AWS-ProgAssgn-1\CarRecognize\src\test\resources
2022-06-22 16:03:08,449 [Worker-6: Building] INFO  o.e.m.c.i.embedder.EclipseLogger - Using 'UTF-8' encoding to copy filtered resources.
2022-06-22 16:03:08,449 [Worker-6: Building] INFO  o.e.m.c.i.embedder.EclipseLogger - skip non existing resourceDirectory D:\NJIT\Subjects\Semthree\CloudComputing\Assignments\ProgrammingAssignment\PA-1\Clone\CS643-AWS-ProgAssgn-1\CarText\src\main\resources
2022-06-22 16:03:08,450 [Worker-6: Building] INFO  o.e.m.c.i.embedder.EclipseLogger - Using 'UTF-8' encoding to copy filtered resources.
2022-06-22 16:03:08,450 [Worker-6: Building] INFO  o.e.m.c.i.embedder.EclipseLogger - skip non existing resourceDirectory D:\NJIT\Subjects\Semthree\CloudComputing\Assignments\ProgrammingAssignment\PA-1\Clone\CS643-AWS-ProgAssgn-1\CarText\src\test\resources
